Determining if the pthread_create exist failed with the following output:
Change Dir: /home/mpuig/gopigo_pc_ws/build/CMakeFiles/CMakeTmp

Run Build Command:"/usr/bin/make" "cmTC_66771/fast"
/usr/bin/make -f CMakeFiles/cmTC_66771.dir/build.make CMakeFiles/cmTC_66771.dir/build
make[1]: Entering directory '/home/mpuig/gopigo_pc_ws/build/CMakeFiles/CMakeTmp'
Building C object CMakeFiles/cmTC_66771.dir/CheckSymbolExists.c.o
/usr/bin/cc    -o CMakeFiles/cmTC_66771.dir/CheckSymbolExists.c.o   -c /home/mpuig/gopigo_pc_ws/build/CMakeFiles/CMakeTmp/CheckSymbolExists.c
Linking C executable cmTC_66771
/usr/bin/cmake -E cmake_link_script CMakeFiles/cmTC_66771.dir/link.txt --verbose=1
/usr/bin/cc      -rdynamic CMakeFiles/cmTC_66771.dir/CheckSymbolExists.c.o  -o cmTC_66771 
CMakeFiles/cmTC_66771.dir/CheckSymbolExists.c.o: In function `main':
CheckSymbolExists.c:(.text+0x1b): undefined reference to `pthread_create'
collect2: error: ld returned 1 exit status
CMakeFiles/cmTC_66771.dir/build.make:97: recipe for target 'cmTC_66771' failed
make[1]: *** [cmTC_66771] Error 1
make[1]: Leaving directory '/home/mpuig/gopigo_pc_ws/build/CMakeFiles/CMakeTmp'
Makefile:126: recipe for target 'cmTC_66771/fast' failed
make: *** [cmTC_66771/fast] Error 2

File /home/mpuig/gopigo_pc_ws/build/CMakeFiles/CMakeTmp/CheckSymbolExists.c:
/* */
#include <pthread.h>

int main(int argc, char** argv)
{
  (void)argv;
#ifndef pthread_create
  return ((int*)(&pthread_create))[argc];
#else
  (void)argc;
  return 0;
#endif
}

Determining if the function pthread_create exists in the pthreads failed with the following output:
Change Dir: /home/mpuig/gopigo_pc_ws/build/CMakeFiles/CMakeTmp

Run Build Command:"/usr/bin/make" "cmTC_21d34/fast"
/usr/bin/make -f CMakeFiles/cmTC_21d34.dir/build.make CMakeFiles/cmTC_21d34.dir/build
make[1]: Entering directory '/home/mpuig/gopigo_pc_ws/build/CMakeFiles/CMakeTmp'
Building C object CMakeFiles/cmTC_21d34.dir/CheckFunctionExists.c.o
/usr/bin/cc   -DCHECK_FUNCTION_EXISTS=pthread_create   -o CMakeFiles/cmTC_21d34.dir/CheckFunctionExists.c.o   -c /usr/share/cmake-3.10/Modules/CheckFunctionExists.c
Linking C executable cmTC_21d34
/usr/bin/cmake -E cmake_link_script CMakeFiles/cmTC_21d34.dir/link.txt --verbose=1
/usr/bin/cc  -DCHECK_FUNCTION_EXISTS=pthread_create    -rdynamic CMakeFiles/cmTC_21d34.dir/CheckFunctionExists.c.o  -o cmTC_21d34 -lpthreads 
/usr/bin/ld: cannot find -lpthreads
collect2: error: ld returned 1 exit status
CMakeFiles/cmTC_21d34.dir/build.make:97: recipe for target 'cmTC_21d34' failed
make[1]: *** [cmTC_21d34] Error 1
make[1]: Leaving directory '/home/mpuig/gopigo_pc_ws/build/CMakeFiles/CMakeTmp'
Makefile:126: recipe for target 'cmTC_21d34/fast' failed
make: *** [cmTC_21d34/fast] Error 2


